Determining if the function sgemm_ exists failed with the following output:
Change Dir: /workspaces/openvslam/build/CMakeFiles/CMakeScratch/TryCompile-hZJ13n

Run Build Command(s):/usr/bin/gmake -f Makefile cmTC_3b698/fast && /usr/bin/gmake  -f CMakeFiles/cmTC_3b698.dir/build.make CMakeFiles/cmTC_3b698.dir/build
gmake[1]: Entering directory '/workspaces/openvslam/build/CMakeFiles/CMakeScratch/TryCompile-hZJ13n'
Building C object CMakeFiles/cmTC_3b698.dir/CheckFunctionExists.c.o
/usr/bin/cc   -DCHECK_FUNCTION_EXISTS=sgemm_ -o CMakeFiles/cmTC_3b698.dir/CheckFunctionExists.c.o -c /workspaces/openvslam/build/CMakeFiles/CMakeScratch/TryCompile-hZJ13n/CheckFunctionExists.c
Linking C executable cmTC_3b698
/usr/local/bin/cmake -E cmake_link_script CMakeFiles/cmTC_3b698.dir/link.txt --verbose=1
/usr/bin/cc  -DCHECK_FUNCTION_EXISTS=sgemm_ -rdynamic CMakeFiles/cmTC_3b698.dir/CheckFunctionExists.c.o -o cmTC_3b698 
/usr/bin/ld: CMakeFiles/cmTC_3b698.dir/CheckFunctionExists.c.o: in function `main':
CheckFunctionExists.c:(.text+0x14): undefined reference to `sgemm_'
collect2: error: ld returned 1 exit status
gmake[1]: *** [CMakeFiles/cmTC_3b698.dir/build.make:99: cmTC_3b698] Error 1
gmake[1]: Leaving directory '/workspaces/openvslam/build/CMakeFiles/CMakeScratch/TryCompile-hZJ13n'
gmake: *** [Makefile:127: cmTC_3b698/fast] Error 2



Determining if the function cheev_ exists failed with the following output:
Change Dir: /workspaces/openvslam/build/CMakeFiles/CMakeScratch/TryCompile-HpzE2U

Run Build Command(s):/usr/bin/gmake -f Makefile cmTC_74f21/fast && /usr/bin/gmake  -f CMakeFiles/cmTC_74f21.dir/build.make CMakeFiles/cmTC_74f21.dir/build
gmake[1]: Entering directory '/workspaces/openvslam/build/CMakeFiles/CMakeScratch/TryCompile-HpzE2U'
Building C object CMakeFiles/cmTC_74f21.dir/CheckFunctionExists.c.o
/usr/bin/cc   -DCHECK_FUNCTION_EXISTS=cheev_ -o CMakeFiles/cmTC_74f21.dir/CheckFunctionExists.c.o -c /workspaces/openvslam/build/CMakeFiles/CMakeScratch/TryCompile-HpzE2U/CheckFunctionExists.c
Linking C executable cmTC_74f21
/usr/local/bin/cmake -E cmake_link_script CMakeFiles/cmTC_74f21.dir/link.txt --verbose=1
/usr/bin/cc  -DCHECK_FUNCTION_EXISTS=cheev_ -rdynamic CMakeFiles/cmTC_74f21.dir/CheckFunctionExists.c.o -o cmTC_74f21  /usr/lib/x86_64-linux-gnu/libblas.so -lm -ldl 
/usr/bin/ld: CMakeFiles/cmTC_74f21.dir/CheckFunctionExists.c.o: in function `main':
CheckFunctionExists.c:(.text+0x14): undefined reference to `cheev_'
collect2: error: ld returned 1 exit status
gmake[1]: *** [CMakeFiles/cmTC_74f21.dir/build.make:100: cmTC_74f21] Error 1
gmake[1]: Leaving directory '/workspaces/openvslam/build/CMakeFiles/CMakeScratch/TryCompile-HpzE2U'
gmake: *** [Makefile:127: cmTC_74f21/fast] Error 2



